
///////////////////////////////////
// Efinity Synthesis Started 
// Feb 19, 2023 23:24:47
///////////////////////////////////


///////////////////////////////////
// Efinity Synthesis Started 
// Feb 19, 2023 23:25:12
///////////////////////////////////


///////////////////////////////////
// Efinity Synthesis Started 
// Feb 19, 2023 23:43:42
///////////////////////////////////


///////////////////////////////////
// Efinity Synthesis Started 
// Feb 19, 2023 23:44:12
///////////////////////////////////


///////////////////////////////////
// Efinity Synthesis Started 
// Feb 20, 2023 00:50:34
///////////////////////////////////


///////////////////////////////////
// Efinity Synthesis Started 
// Feb 20, 2023 00:51:04
///////////////////////////////////


///////////////////////////////////
// Efinity Synthesis Started 
// Feb 20, 2023 01:02:43
///////////////////////////////////


///////////////////////////////////
// Efinity Synthesis Started 
// Feb 20, 2023 01:03:08
///////////////////////////////////


///////////////////////////////////
// Efinity Synthesis Started 
// Feb 20, 2023 01:11:12
///////////////////////////////////


///////////////////////////////////
// Efinity Synthesis Started 
// Feb 20, 2023 01:11:38
///////////////////////////////////


///////////////////////////////////
// Efinity Synthesis Started 
// Feb 20, 2023 01:36:15
///////////////////////////////////


///////////////////////////////////
// Efinity Synthesis Started 
// Feb 20, 2023 01:36:41
///////////////////////////////////


///////////////////////////////////
// Efinity Synthesis Started 
// Feb 20, 2023 01:41:54
///////////////////////////////////


///////////////////////////////////
// Efinity Synthesis Started 
// Feb 20, 2023 01:42:19
///////////////////////////////////


///////////////////////////////////
// Efinity Synthesis Started 
// Feb 20, 2023 01:54:57
///////////////////////////////////


///////////////////////////////////
// Efinity Synthesis Started 
// Feb 20, 2023 01:55:25
///////////////////////////////////


///////////////////////////////////
// Efinity Synthesis Started 
// Feb 20, 2023 02:12:34
///////////////////////////////////


///////////////////////////////////
// Efinity Synthesis Started 
// Feb 20, 2023 02:13:03
///////////////////////////////////


///////////////////////////////////
// Efinity Synthesis Started 
// Feb 20, 2023 02:20:43
///////////////////////////////////


///////////////////////////////////
// Efinity Synthesis Started 
// Feb 20, 2023 02:21:14
///////////////////////////////////


///////////////////////////////////
// Efinity Synthesis Started 
// Feb 20, 2023 02:38:35
///////////////////////////////////


///////////////////////////////////
// Efinity Synthesis Started 
// Feb 20, 2023 02:39:07
///////////////////////////////////


///////////////////////////////////
// Efinity Synthesis Started 
// Feb 20, 2023 02:47:30
///////////////////////////////////


///////////////////////////////////
// Efinity Synthesis Started 
// Feb 20, 2023 02:48:06
///////////////////////////////////


///////////////////////////////////
// Efinity Synthesis Started 
// Mar 12, 2023 17:29:25
///////////////////////////////////


///////////////////////////////////
// Efinity Synthesis Started 
// Mar 12, 2023 17:29:54
///////////////////////////////////


///////////////////////////////////
// Efinity Synthesis Started 
// May 06, 2023 12:08:01
///////////////////////////////////


///////////////////////////////////
// Efinity Synthesis Started 
// May 06, 2023 12:08:40
///////////////////////////////////


///////////////////////////////////
// Efinity Synthesis Started 
// May 06, 2023 18:25:42
///////////////////////////////////


///////////////////////////////////
// Efinity Synthesis Started 
// May 06, 2023 18:26:14
///////////////////////////////////


///////////////////////////////////
// Efinity Synthesis Started 
// May 07, 2023 17:43:20
///////////////////////////////////


///////////////////////////////////
// Efinity Synthesis Started 
// May 07, 2023 17:44:04
///////////////////////////////////


///////////////////////////////////
// Efinity Synthesis Started 
// May 07, 2023 17:52:22
///////////////////////////////////


///////////////////////////////////
// Efinity Synthesis Started 
// May 07, 2023 17:53:07
///////////////////////////////////


///////////////////////////////////
// Efinity Synthesis Started 
// May 07, 2023 18:04:44
///////////////////////////////////


///////////////////////////////////
// Efinity Synthesis Started 
// May 07, 2023 18:05:35
///////////////////////////////////


///////////////////////////////////
// Efinity Synthesis Started 
// May 07, 2023 18:22:00
///////////////////////////////////


///////////////////////////////////
// Efinity Synthesis Started 
// May 07, 2023 18:22:34
///////////////////////////////////


///////////////////////////////////
// Efinity Synthesis Started 
// May 07, 2023 23:08:53
///////////////////////////////////


///////////////////////////////////
// Efinity Synthesis Started 
// May 07, 2023 23:09:28
///////////////////////////////////


///////////////////////////////////
// Efinity Synthesis Started 
// May 08, 2023 08:39:30
///////////////////////////////////


///////////////////////////////////
// Efinity Synthesis Started 
// May 08, 2023 08:40:24
///////////////////////////////////


///////////////////////////////////
// Efinity Synthesis Started 
// May 08, 2023 09:39:27
///////////////////////////////////


///////////////////////////////////
// Efinity Synthesis Started 
// May 08, 2023 09:40:20
///////////////////////////////////


///////////////////////////////////
// Efinity Synthesis Started 
// May 08, 2023 11:21:03
///////////////////////////////////


///////////////////////////////////
// Efinity Synthesis Started 
// May 08, 2023 11:21:52
///////////////////////////////////

[EFX-0210 ERROR] No Top design.

///////////////////////////////////
// Efinity Synthesis Started 
// May 08, 2023 11:22:47
///////////////////////////////////


///////////////////////////////////
// Efinity Synthesis Started 
// May 08, 2023 11:23:36
///////////////////////////////////


///////////////////////////////////
// Efinity Synthesis Started 
// May 08, 2023 13:38:18
///////////////////////////////////


///////////////////////////////////
// Efinity Synthesis Started 
// May 08, 2023 13:39:12
///////////////////////////////////

[EFX-0210 ERROR] No Top design.

///////////////////////////////////
// Efinity Synthesis Started 
// May 08, 2023 13:40:08
///////////////////////////////////


///////////////////////////////////
// Efinity Synthesis Started 
// May 08, 2023 13:41:05
///////////////////////////////////


///////////////////////////////////
// Efinity Synthesis Started 
// May 08, 2023 14:00:03
///////////////////////////////////


///////////////////////////////////
// Efinity Synthesis Started 
// May 08, 2023 14:00:54
///////////////////////////////////


///////////////////////////////////
// Efinity Synthesis Started 
// May 08, 2023 14:19:40
///////////////////////////////////


///////////////////////////////////
// Efinity Synthesis Started 
// May 08, 2023 14:20:31
///////////////////////////////////


///////////////////////////////////
// Efinity Synthesis Started 
// May 08, 2023 14:49:45
///////////////////////////////////


///////////////////////////////////
// Efinity Synthesis Started 
// May 08, 2023 14:50:36
///////////////////////////////////


///////////////////////////////////
// Efinity Synthesis Started 
// May 08, 2023 15:24:34
///////////////////////////////////


///////////////////////////////////
// Efinity Synthesis Started 
// May 08, 2023 15:25:22
///////////////////////////////////


///////////////////////////////////
// Efinity Synthesis Started 
// May 08, 2023 18:29:07
///////////////////////////////////


///////////////////////////////////
// Efinity Synthesis Started 
// May 08, 2023 18:29:54
///////////////////////////////////


///////////////////////////////////
// Efinity Synthesis Started 
// May 08, 2023 18:46:24
///////////////////////////////////


///////////////////////////////////
// Efinity Synthesis Started 
// May 08, 2023 18:47:20
///////////////////////////////////


///////////////////////////////////
// Efinity Synthesis Started 
// May 08, 2023 18:51:19
///////////////////////////////////


///////////////////////////////////
// Efinity Synthesis Started 
// May 08, 2023 18:52:06
///////////////////////////////////


///////////////////////////////////
// Efinity Synthesis Started 
// May 08, 2023 20:21:04
///////////////////////////////////


///////////////////////////////////
// Efinity Synthesis Started 
// May 08, 2023 20:21:52
///////////////////////////////////


///////////////////////////////////
// Efinity Synthesis Started 
// May 08, 2023 20:28:12
///////////////////////////////////


///////////////////////////////////
// Efinity Synthesis Started 
// May 08, 2023 20:28:54
///////////////////////////////////


///////////////////////////////////
// Efinity Synthesis Started 
// May 08, 2023 20:38:10
///////////////////////////////////


///////////////////////////////////
// Efinity Synthesis Started 
// May 08, 2023 20:38:48
///////////////////////////////////


///////////////////////////////////
// Efinity Synthesis Started 
// May 08, 2023 21:57:02
///////////////////////////////////


///////////////////////////////////
// Efinity Synthesis Started 
// May 08, 2023 21:57:58
///////////////////////////////////

[EFX-0377 ERROR] Clock port 'CLK' of instance 'edb_top_inst/la1/la_resetn_p1~FF' is constant. (D:/FPGA_Prj/03_Ti60F225_DemoBoard/Prj_demo/00_demo_total/01_Ti60_Soft_DDR3_Axi_demo_v3/efinity_project/work_dbg/debug_top.v:4169)

///////////////////////////////////
// Efinity Synthesis Started 
// May 08, 2023 22:01:10
///////////////////////////////////


///////////////////////////////////
// Efinity Synthesis Started 
// May 08, 2023 22:02:05
///////////////////////////////////


///////////////////////////////////
// Efinity Synthesis Started 
// May 08, 2023 22:33:00
///////////////////////////////////


///////////////////////////////////
// Efinity Synthesis Started 
// May 08, 2023 22:33:56
///////////////////////////////////


///////////////////////////////////
// Efinity Synthesis Started 
// May 08, 2023 23:06:12
///////////////////////////////////


///////////////////////////////////
// Efinity Synthesis Started 
// May 08, 2023 23:07:17
///////////////////////////////////


///////////////////////////////////
// Efinity Synthesis Started 
// May 08, 2023 23:35:31
///////////////////////////////////


///////////////////////////////////
// Efinity Synthesis Started 
// May 08, 2023 23:36:28
///////////////////////////////////


///////////////////////////////////
// Efinity Synthesis Started 
// May 08, 2023 23:41:58
///////////////////////////////////


///////////////////////////////////
// Efinity Synthesis Started 
// May 08, 2023 23:42:59
///////////////////////////////////


///////////////////////////////////
// Efinity Synthesis Started 
// May 08, 2023 23:57:16
///////////////////////////////////


///////////////////////////////////
// Efinity Synthesis Started 
// May 08, 2023 23:58:11
///////////////////////////////////

[EFX-0210 ERROR] No Top design.

///////////////////////////////////
// Efinity Synthesis Started 
// May 09, 2023 00:00:26
///////////////////////////////////


///////////////////////////////////
// Efinity Synthesis Started 
// May 09, 2023 00:00:59
///////////////////////////////////


///////////////////////////////////
// Efinity Synthesis Started 
// May 09, 2023 00:15:53
///////////////////////////////////


///////////////////////////////////
// Efinity Synthesis Started 
// May 09, 2023 00:16:26
///////////////////////////////////


///////////////////////////////////
// Efinity Synthesis Started 
// May 09, 2023 09:25:53
///////////////////////////////////


///////////////////////////////////
// Efinity Synthesis Started 
// May 09, 2023 09:26:28
///////////////////////////////////


///////////////////////////////////
// Efinity Synthesis Started 
// May 09, 2023 09:42:21
///////////////////////////////////


///////////////////////////////////
// Efinity Synthesis Started 
// May 09, 2023 09:42:53
///////////////////////////////////


///////////////////////////////////
// Efinity Synthesis Started 
// May 09, 2023 09:57:19
///////////////////////////////////


///////////////////////////////////
// Efinity Synthesis Started 
// May 09, 2023 09:57:52
///////////////////////////////////

[EFX-0210 ERROR] No Top design.

///////////////////////////////////
// Efinity Synthesis Started 
// May 09, 2023 10:01:01
///////////////////////////////////


///////////////////////////////////
// Efinity Synthesis Started 
// May 09, 2023 10:01:39
///////////////////////////////////


///////////////////////////////////
// Efinity Synthesis Started 
// May 09, 2023 23:59:28
///////////////////////////////////


///////////////////////////////////
// Efinity Synthesis Started 
// May 10, 2023 00:00:00
///////////////////////////////////


///////////////////////////////////
// Efinity Synthesis Started 
// May 10, 2023 11:19:13
///////////////////////////////////


///////////////////////////////////
// Efinity Synthesis Started 
// May 10, 2023 11:19:50
///////////////////////////////////


///////////////////////////////////
// Efinity Synthesis Started 
// Jul 22, 2023 16:32:35
///////////////////////////////////


///////////////////////////////////
// Efinity Synthesis Started 
// Jul 22, 2023 16:33:02
///////////////////////////////////


///////////////////////////////////
// Efinity Synthesis Started 
// Jul 22, 2023 16:43:04
///////////////////////////////////


///////////////////////////////////
// Efinity Synthesis Started 
// Jul 22, 2023 16:43:43
///////////////////////////////////


///////////////////////////////////
// Efinity Synthesis Started 
// Jul 22, 2023 16:54:59
///////////////////////////////////


///////////////////////////////////
// Efinity Synthesis Started 
// Jul 22, 2023 16:55:26
///////////////////////////////////


///////////////////////////////////
// Efinity Synthesis Started 
// Jul 22, 2023 17:14:11
///////////////////////////////////


///////////////////////////////////
// Efinity Synthesis Started 
// Jul 22, 2023 17:14:38
///////////////////////////////////


///////////////////////////////////
// Efinity Synthesis Started 
// Jul 22, 2023 17:24:18
///////////////////////////////////


///////////////////////////////////
// Efinity Synthesis Started 
// Jul 22, 2023 17:24:50
///////////////////////////////////


///////////////////////////////////
// Efinity Synthesis Started 
// Jul 22, 2023 17:59:38
///////////////////////////////////


///////////////////////////////////
// Efinity Synthesis Started 
// Jul 22, 2023 18:00:05
///////////////////////////////////


///////////////////////////////////
// Efinity Synthesis Started 
// Jul 22, 2023 18:32:21
///////////////////////////////////


///////////////////////////////////
// Efinity Synthesis Started 
// Jul 22, 2023 18:32:48
///////////////////////////////////

[EFX-0210 ERROR] No Top design.

///////////////////////////////////
// Efinity Synthesis Started 
// Jul 22, 2023 18:34:26
///////////////////////////////////


///////////////////////////////////
// Efinity Synthesis Started 
// Jul 22, 2023 18:34:52
///////////////////////////////////


///////////////////////////////////
// Efinity Synthesis Started 
// Jul 22, 2023 19:19:38
///////////////////////////////////


///////////////////////////////////
// Efinity Synthesis Started 
// Jul 22, 2023 19:20:03
///////////////////////////////////


///////////////////////////////////
// Efinity Synthesis Started 
// Jul 22, 2023 19:50:23
///////////////////////////////////


///////////////////////////////////
// Efinity Synthesis Started 
// Jul 22, 2023 19:50:50
///////////////////////////////////


///////////////////////////////////
// Efinity Synthesis Started 
// Jul 22, 2023 20:28:24
///////////////////////////////////


///////////////////////////////////
// Efinity Synthesis Started 
// Jul 22, 2023 20:28:51
///////////////////////////////////


///////////////////////////////////
// Efinity Synthesis Started 
// Jul 22, 2023 21:42:15
///////////////////////////////////


///////////////////////////////////
// Efinity Synthesis Started 
// Jul 22, 2023 21:42:42
///////////////////////////////////


///////////////////////////////////
// Efinity Synthesis Started 
// Jul 22, 2023 22:05:00
///////////////////////////////////


///////////////////////////////////
// Efinity Synthesis Started 
// Jul 22, 2023 22:05:27
///////////////////////////////////


///////////////////////////////////
// Efinity Synthesis Started 
// Jul 22, 2023 22:24:13
///////////////////////////////////


///////////////////////////////////
// Efinity Synthesis Started 
// Jul 22, 2023 22:24:39
///////////////////////////////////


///////////////////////////////////
// Efinity Synthesis Started 
// Sep 25, 2023 00:24:54
///////////////////////////////////


///////////////////////////////////
// Efinity Synthesis Started 
// Sep 25, 2023 00:25:21
///////////////////////////////////


///////////////////////////////////
// Efinity Synthesis Started 
// Sep 25, 2023 00:39:00
///////////////////////////////////


///////////////////////////////////
// Efinity Synthesis Started 
// Sep 25, 2023 00:39:29
///////////////////////////////////


///////////////////////////////////
// Efinity Synthesis Started 
// Nov 02, 2023 20:38:18
///////////////////////////////////


///////////////////////////////////
// Efinity Synthesis Started 
// Nov 02, 2023 20:38:39
///////////////////////////////////


///////////////////////////////////
// Efinity Synthesis Started 
// Nov 02, 2023 20:52:48
///////////////////////////////////


///////////////////////////////////
// Efinity Synthesis Started 
// Nov 02, 2023 20:53:09
///////////////////////////////////


///////////////////////////////////
// Efinity Synthesis Started 
// Nov 02, 2023 22:27:12
///////////////////////////////////


///////////////////////////////////
// Efinity Synthesis Started 
// Nov 02, 2023 22:27:33
///////////////////////////////////


///////////////////////////////////
// Efinity Synthesis Started 
// Nov 03, 2023 19:58:07
///////////////////////////////////


///////////////////////////////////
// Efinity Synthesis Started 
// Nov 03, 2023 19:58:29
///////////////////////////////////


///////////////////////////////////
// Efinity Synthesis Started 
// Nov 03, 2023 20:28:40
///////////////////////////////////


///////////////////////////////////
// Efinity Synthesis Started 
// Nov 03, 2023 20:29:01
///////////////////////////////////


///////////////////////////////////
// Efinity Synthesis Started 
// Nov 03, 2023 20:52:24
///////////////////////////////////


///////////////////////////////////
// Efinity Synthesis Started 
// Nov 03, 2023 20:52:45
///////////////////////////////////


///////////////////////////////////
// Efinity Synthesis Started 
// Nov 03, 2023 21:03:53
///////////////////////////////////


///////////////////////////////////
// Efinity Synthesis Started 
// Nov 03, 2023 21:04:15
///////////////////////////////////


///////////////////////////////////
// Efinity Synthesis Started 
// Nov 03, 2023 21:32:44
///////////////////////////////////


///////////////////////////////////
// Efinity Synthesis Started 
// Nov 03, 2023 21:33:05
///////////////////////////////////


///////////////////////////////////
// Efinity Synthesis Started 
// Nov 03, 2023 22:22:05
///////////////////////////////////


///////////////////////////////////
// Efinity Synthesis Started 
// Nov 03, 2023 22:22:27
///////////////////////////////////


///////////////////////////////////
// Efinity Synthesis Started 
// Nov 04, 2023 17:01:15
///////////////////////////////////


///////////////////////////////////
// Efinity Synthesis Started 
// Nov 04, 2023 17:01:37
///////////////////////////////////


///////////////////////////////////
// Efinity Synthesis Started 
// Nov 04, 2023 17:34:52
///////////////////////////////////


///////////////////////////////////
// Efinity Synthesis Started 
// Nov 04, 2023 17:35:13
///////////////////////////////////


///////////////////////////////////
// Efinity Synthesis Started 
// Nov 05, 2023 13:16:12
///////////////////////////////////


///////////////////////////////////
// Efinity Synthesis Started 
// Nov 05, 2023 14:06:52
///////////////////////////////////


///////////////////////////////////
// Efinity Synthesis Started 
// Nov 05, 2023 14:07:14
///////////////////////////////////


///////////////////////////////////
// Efinity Synthesis Started 
// Nov 09, 2023 11:04:53
///////////////////////////////////


///////////////////////////////////
// Efinity Synthesis Started 
// Nov 09, 2023 11:05:11
///////////////////////////////////


///////////////////////////////////
// Efinity Synthesis Started 
// Nov 09, 2023 13:42:31
///////////////////////////////////


///////////////////////////////////
// Efinity Synthesis Started 
// Nov 09, 2023 13:42:51
///////////////////////////////////


///////////////////////////////////
// Efinity Synthesis Started 
// Nov 09, 2023 17:05:33
///////////////////////////////////


///////////////////////////////////
// Efinity Synthesis Started 
// Nov 09, 2023 17:05:53
///////////////////////////////////


///////////////////////////////////
// Efinity Synthesis Started 
// Nov 10, 2023 13:00:55
///////////////////////////////////


///////////////////////////////////
// Efinity Synthesis Started 
// Nov 10, 2023 13:01:15
///////////////////////////////////


///////////////////////////////////
// Efinity Synthesis Started 
// Nov 10, 2023 14:29:13
///////////////////////////////////


///////////////////////////////////
// Efinity Synthesis Started 
// Nov 10, 2023 14:29:33
///////////////////////////////////


///////////////////////////////////
// Efinity Synthesis Started 
// Nov 10, 2023 17:36:48
///////////////////////////////////


///////////////////////////////////
// Efinity Synthesis Started 
// Nov 10, 2023 17:37:08
///////////////////////////////////


///////////////////////////////////
// Efinity Synthesis Started 
// Nov 11, 2023 15:13:58
///////////////////////////////////


///////////////////////////////////
// Efinity Synthesis Started 
// Nov 11, 2023 15:14:18
///////////////////////////////////


///////////////////////////////////
// Efinity Synthesis Started 
// Nov 11, 2023 19:32:26
///////////////////////////////////


///////////////////////////////////
// Efinity Synthesis Started 
// Nov 11, 2023 19:32:37
///////////////////////////////////


///////////////////////////////////
// Efinity Synthesis Started 
// Nov 11, 2023 19:33:32
///////////////////////////////////


///////////////////////////////////
// Efinity Synthesis Started 
// Nov 11, 2023 19:33:41
///////////////////////////////////


///////////////////////////////////
// Efinity Synthesis Started 
// Nov 11, 2023 20:11:10
///////////////////////////////////


///////////////////////////////////
// Efinity Synthesis Started 
// Nov 11, 2023 20:11:20
///////////////////////////////////


///////////////////////////////////
// Efinity Synthesis Started 
// Nov 11, 2023 20:36:50
///////////////////////////////////


///////////////////////////////////
// Efinity Synthesis Started 
// Nov 11, 2023 20:37:00
///////////////////////////////////


///////////////////////////////////
// Efinity Synthesis Started 
// Nov 11, 2023 21:28:07
///////////////////////////////////


///////////////////////////////////
// Efinity Synthesis Started 
// Nov 11, 2023 21:28:18
///////////////////////////////////


///////////////////////////////////
// Efinity Synthesis Started 
// Nov 11, 2023 21:45:02
///////////////////////////////////


///////////////////////////////////
// Efinity Synthesis Started 
// Nov 11, 2023 21:45:12
///////////////////////////////////


///////////////////////////////////
// Efinity Synthesis Started 
// Nov 12, 2023 10:30:27
///////////////////////////////////


///////////////////////////////////
// Efinity Synthesis Started 
// Nov 12, 2023 10:30:37
///////////////////////////////////


///////////////////////////////////
// Efinity Synthesis Started 
// Nov 12, 2023 10:46:52
///////////////////////////////////


///////////////////////////////////
// Efinity Synthesis Started 
// Nov 12, 2023 10:47:02
///////////////////////////////////


///////////////////////////////////
// Efinity Synthesis Started 
// Nov 12, 2023 11:05:21
///////////////////////////////////


///////////////////////////////////
// Efinity Synthesis Started 
// Nov 12, 2023 11:05:32
///////////////////////////////////


///////////////////////////////////
// Efinity Synthesis Started 
// Nov 14, 2023 09:32:19
///////////////////////////////////


///////////////////////////////////
// Efinity Synthesis Started 
// Nov 14, 2023 09:32:33
///////////////////////////////////

